This is e-upTeX, Version 3.14159265-p3.7-u1.21-160201-2.6 (utf8.uptex) (TeX Live 2016) (preloaded format=uplatex 2016.8.23)  2 FEB 2017 20:51
entering extended mode
 restricted \write18 enabled.
 file:line:error style messages enabled.
 %&-line parsing enabled.
**discussion.tex
(./discussion.tex
pLaTeX2e <2016/05/07u00> (based on LaTeX2e <2016/03/31>)
Babel <3.9r> and hyphenation patterns for 83 language(s) loaded.
./discussion.tex:1: Undefined control sequence.
l.1 \section
            {考察}
? 
./discussion.tex:1: Emergency stop.
l.1 \section
            {考察}
End of file on the terminal!

 
Here is how much of TeX's memory you used:
 4 strings out of 493689
 54 string characters out of 6149981
 53733 words of memory out of 5000000
 3667 multiletter control sequences out of 15000+600000
 5975 words of font info for 31 fonts, out of 8000000 for 9000
 929 hyphenation exceptions out of 8191
 5i,0n,1p,33b,8s stack positions out of 5000i,500n,10000p,200000b,80000s
No pages of output.
