This is e-upTeX, Version 3.14159265-p3.7-u1.21-160201-2.6 (utf8.uptex) (TeX Live 2016) (preloaded format=uplatex 2016.8.23)  3 FEB 2017 12:51
entering extended mode
 restricted \write18 enabled.
 file:line:error style messages enabled.
 %&-line parsing enabled.
**ruby_novice_koki.tex
(./ruby_novice_koki.tex
pLaTeX2e <2016/05/07u00> (based on LaTeX2e <2016/03/31>)
Babel <3.9r> and hyphenation patterns for 83 language(s) loaded.
(/usr/local/texlive/2016/texmf-dist/tex/platex/jsclasses/jsarticle.cls
Document Class: jsarticle 2014/02/07 okumura

/usr/local/texlive/2016/texmf-dist/tex/platex/jsclasses/jsarticle.cls:330: LaTe
X Error: Font family `JY1+mc' unknown.

See the LaTeX manual or LaTeX Companion for explanation.
Type  H <return>  for immediate help.
 ...                                              
                                                  
l.330 ...c}{m}{n}{<-> s * [0.961] \jsc@pfx@ jis}{}
                                                  
? 
/usr/local/texlive/2016/texmf-dist/tex/platex/jsclasses/jsarticle.cls:330: Emer
gency stop.
 ...                                              
                                                  
l.330 ...c}{m}{n}{<-> s * [0.961] \jsc@pfx@ jis}{}
                                                  
Your command was ignored.
Type  I <command> <return>  to replace it with another command,
or  <return>  to continue without it.

 
Here is how much of TeX's memory you used:
 115 strings out of 493689
 1496 string characters out of 6149981
 57504 words of memory out of 5000000
 3772 multiletter control sequences out of 15000+600000
 5975 words of font info for 31 fonts, out of 8000000 for 9000
 929 hyphenation exceptions out of 8191
 20i,0n,19p,155b,14s stack positions out of 5000i,500n,10000p,200000b,80000s
No pages of output.
